0 info it worked if it ends with ok
1 verbose cli [ '/Users/andrea/.nvm/versions/node/v6.9.1/bin/node',
1 verbose cli   '/Users/andrea/.nvm/versions/node/v6.9.1/bin/npm',
1 verbose cli   'run',
1 verbose cli   'lint' ]
2 info using npm@3.10.8
3 info using node@v6.9.1
4 verbose run-script [ 'prelint', 'lint', 'postlint' ]
5 info lifecycle acal-redux-template@0.0.0~prelint: acal-redux-template@0.0.0
6 silly lifecycle acal-redux-template@0.0.0~prelint: no script for prelint, continuing
7 info lifecycle acal-redux-template@0.0.0~lint: acal-redux-template@0.0.0
8 verbose lifecycle acal-redux-template@0.0.0~lint: unsafe-perm in lifecycle true
9 verbose lifecycle acal-redux-template@0.0.0~lint: PATH: /Users/andrea/.nvm/versions/node/v6.9.1/lib/node_modules/npm/bin/node-gyp-bin:/Users/andrea/code/templates/redux-template/node_modules/.bin:/Users/andrea/.nvm/versions/node/v6.9.1/bin:/Library/Java/JavaVirtualMachines/jdk1.8.0_45.jdk/Contents/Home/bin/:/Users/andrea/bin:/opt/apache-maven-3.1.1/bin:/opt/gradle-2.9/bin:/opt/mongodb-osx-x86_64-2.6.4/bin:/usr/local/bin:/usr/bin:/bin:/usr/sbin:/sbin:/usr/local/git/bin
10 verbose lifecycle acal-redux-template@0.0.0~lint: CWD: /Users/andrea/code/templates/redux-template
11 silly lifecycle acal-redux-template@0.0.0~lint: Args: [ '-c', 'eslint .' ]
12 silly lifecycle acal-redux-template@0.0.0~lint: Returned: code: 1  signal: null
13 info lifecycle acal-redux-template@0.0.0~lint: Failed to exec lint script
14 verbose stack Error: acal-redux-template@0.0.0 lint: `eslint .`
14 verbose stack Exit status 1
14 verbose stack     at EventEmitter.<anonymous> (/Users/andrea/.nvm/versions/node/v6.9.1/lib/node_modules/npm/lib/utils/lifecycle.js:255:16)
14 verbose stack     at emitTwo (events.js:106:13)
14 verbose stack     at EventEmitter.emit (events.js:191:7)
14 verbose stack     at ChildProcess.<anonymous> (/Users/andrea/.nvm/versions/node/v6.9.1/lib/node_modules/npm/lib/utils/spawn.js:40:14)
14 verbose stack     at emitTwo (events.js:106:13)
14 verbose stack     at ChildProcess.emit (events.js:191:7)
14 verbose stack     at maybeClose (internal/child_process.js:877:16)
14 verbose stack     at Process.ChildProcess._handle.onexit (internal/child_process.js:226:5)
15 verbose pkgid acal-redux-template@0.0.0
16 verbose cwd /Users/andrea/code/templates/redux-template
17 error Darwin 16.6.0
18 error argv "/Users/andrea/.nvm/versions/node/v6.9.1/bin/node" "/Users/andrea/.nvm/versions/node/v6.9.1/bin/npm" "run" "lint"
19 error node v6.9.1
20 error npm  v3.10.8
21 error code ELIFECYCLE
22 error acal-redux-template@0.0.0 lint: `eslint .`
22 error Exit status 1
23 error Failed at the acal-redux-template@0.0.0 lint script 'eslint .'.
23 error Make sure you have the latest version of node.js and npm installed.
23 error If you do, this is most likely a problem with the acal-redux-template package,
23 error not with npm itself.
23 error Tell the author that this fails on your system:
23 error     eslint .
23 error You can get information on how to open an issue for this project with:
23 error     npm bugs acal-redux-template
23 error Or if that isn't available, you can get their info via:
23 error     npm owner ls acal-redux-template
23 error There is likely additional logging output above.
24 verbose exit [ 1, true ]
